DEBUG- 2018-06-04 11:30:07.417687 >> System Started
INFO- 2018-06-04 11:30:13.327102 >> Zachary Andrews: @mybot create event: 6/18/18, test, test
INFO- 2018-06-04 11:30:13.525684 >> MyBot: Okay, I made an event: None
INFO- 2018-06-04 11:30:24.567007 >> Zachary Andrews: @mybot get events
INFO- 2018-06-04 11:30:24.786467 >> MyBot: Events: test 18/6/18 test|
DEBUG- 2018-06-04 11:32:08.791367 >> KeyboardInterrupt
DEBUG- 2018-06-04 11:32:10.570234 >> System Shutdown
DEBUG- 2018-06-04 11:32:13.152513 >> System Started
INFO- 2018-06-04 11:32:25.126362 >> Zachary Andrews: @mybot create event: 6/18/18, test, test
INFO- 2018-06-04 11:32:25.325222 >> MyBot: Okay, I made an event: 18/6/18 test test
DEBUG- 2018-06-04 11:40:09.915928 >> KeyboardInterrupt
DEBUG- 2018-06-04 11:40:13.198794 >> System Shutdown
DEBUG- 2018-06-04 11:40:14.560938 >> System Started
DEBUG- 2018-06-04 11:40:55.461155 >> KeyboardInterrupt
DEBUG- 2018-06-04 11:40:56.994271 >> System Shutdown
DEBUG- 2018-06-04 11:40:58.163978 >> System Started
DEBUG- 2018-06-04 11:41:01.847522 >> KeyboardInterrupt
DEBUG- 2018-06-04 11:41:03.112043 >> System Shutdown
DEBUG- 2018-06-04 11:41:10.600649 >> System Started
DEBUG- 2018-06-04 11:42:38.100391 >> KeyboardInterrupt
DEBUG- 2018-06-04 11:42:39.758057 >> System Shutdown
DEBUG- 2018-06-04 11:42:40.993002 >> System Started
INFO- 2018-06-04 11:42:56.997928 >> Zachary Andrews: @mybot create event: 6/8/18, test, test
DEBUG- 2018-06-04 11:43:12.475573 >> System Started
INFO- 2018-06-04 11:43:12.565076 >> Zachary Andrews: @mybot create event: 6/8/18, test, test
DEBUG- 2018-06-04 11:43:22.494916 >> System Started
INFO- 2018-06-04 11:43:22.584458 >> Zachary Andrews: @mybot create event: 6/8/18, test, test
DEBUG- 2018-06-04 11:43:49.273165 >> System Started
INFO- 2018-06-04 11:43:49.373446 >> Zachary Andrews: @mybot create event: 6/8/18, test, test
INFO- 2018-06-04 11:43:49.576142 >> MyBot: Okay, I made an event: 8/6/18 test test
DEBUG- 2018-06-04 11:44:03.735798 >> KeyboardInterrupt
DEBUG- 2018-06-04 11:44:05.867730 >> System Shutdown
DEBUG- 2018-06-04 11:44:07.728318 >> System Started
INFO- 2018-06-04 11:44:14.747665 >> Zachary Andrews: @mybot create event: 6/8/18, test, test
INFO- 2018-06-04 11:44:14.925654 >> MyBot: Okay, I made an event: 8/6/18 test test
DEBUG- 2018-06-04 11:48:51.148399 >> KeyboardInterrupt
DEBUG- 2018-06-04 11:48:52.750824 >> System Shutdown
DEBUG- 2018-06-04 11:48:53.941510 >> System Started
INFO- 2018-06-04 11:49:03.060806 >> Zachary Andrews: @mybot create event: 6/8/18, test, test
INFO- 2018-06-04 11:49:03.250845 >> MyBot: Okay, I made an event: 8/6/18 test test
DEBUG- 2018-06-04 11:49:14.410189 >> KeyboardInterrupt
DEBUG- 2018-06-04 11:49:16.806231 >> Continuing operation
DEBUG- 2018-06-04 11:49:18.232611 >> KeyboardInterrupt
DEBUG- 2018-06-04 11:49:20.368812 >> System Shutdown
DEBUG- 2018-06-04 11:49:21.879919 >> System Started
INFO- 2018-06-04 11:49:40.212191 >> Zachary Andrews: @mybot create event: 6/8/18, test, test
INFO- 2018-06-04 11:49:40.398072 >> MyBot: Okay, I made an event: 8/6/18 test test
DEBUG- 2018-06-04 11:49:43.087486 >> KeyboardInterrupt
DEBUG- 2018-06-04 11:49:44.695191 >> System Shutdown
DEBUG- 2018-06-04 11:58:41.366009 >> System Started
INFO- 2018-06-04 11:58:50.595220 >> Zachary Andrews: @mybot create event: 6/8/18, test, test
INFO- 2018-06-04 11:58:50.786369 >> MyBot: Okay, I made an event: 8/6/18, test, test
DEBUG- 2018-06-04 11:59:11.019613 >> KeyboardInterrupt
DEBUG- 2018-06-04 11:59:12.540120 >> System Shutdown
DEBUG- 2018-06-04 11:59:14.362143 >> System Started
INFO- 2018-06-04 11:59:30.620692 >> Zachary Andrews: @mybot get events
INFO- 2018-06-04 11:59:30.802699 >> MyBot: Events: 6/8/18, test, test
| 8/6/18, test, test
|
DEBUG- 2018-06-04 12:00:24.886059 >> KeyboardInterrupt
DEBUG- 2018-06-04 12:00:26.477372 >> System Shutdown
DEBUG- 2018-06-04 12:00:28.796933 >> System Started
INFO- 2018-06-04 12:00:34.634350 >> Zachary Andrews: @mybot get events
INFO- 2018-06-04 12:00:34.818021 >> MyBot: Events: 6/8/18, test, test
| 8/6/18, test, test
|
DEBUG- 2018-06-04 15:06:51.842074 >> KeyboardInterrupt
DEBUG- 2018-06-04 15:06:54.895242 >> System Shutdown
DEBUG- 2018-06-04 15:19:29.959166 >> System Started
INFO- 2018-06-04 15:19:38.444185 >> Zachary Andrews: @mybot get events
INFO- 2018-06-04 15:19:38.650180 >> MyBot: Events: 6/8/18, test, test
| 8/6/18, test, test
|
DEBUG- 2018-06-04 15:20:58.247059 >> KeyboardInterrupt
DEBUG- 2018-06-04 15:21:00.840461 >> System Shutdown
DEBUG- 2018-06-04 15:23:13.593903 >> System Started
INFO- 2018-06-04 15:23:13.717986 >> Zachary Andrews: @mybot get events
DEBUG- 2018-06-04 15:24:35.462027 >> System Started
INFO- 2018-06-04 15:24:35.553137 >> Zachary Andrews: @mybot get events
INFO- 2018-06-04 15:24:35.741380 >> MyBot: Events: None
INFO- 2018-06-04 15:24:49.260228 >> Zachary Andrews: @mybot create event
DEBUG- 2018-06-04 15:25:20.764094 >> System Started
INFO- 2018-06-04 15:25:20.854258 >> Zachary Andrews: @mybot create event
DEBUG- 2018-06-04 15:25:31.428769 >> System Started
INFO- 2018-06-04 15:25:49.322826 >> Zachary Andrews: @mybot create event: 6/8/18, test, this is a test
INFO- 2018-06-04 15:25:49.511702 >> MyBot: Okay, I made an event: 8/6/18, test, this is a test
DEBUG- 2018-06-04 15:25:57.155711 >> KeyboardInterrupt
DEBUG- 2018-06-04 15:25:59.348437 >> System Shutdown
DEBUG- 2018-06-04 15:26:01.336132 >> System Started
INFO- 2018-06-04 15:26:09.228657 >> Zachary Andrews: @mybot get events
INFO- 2018-06-04 15:26:09.421925 >> MyBot: Events: 6/8/18, test, this is a test| 6/8/18, test, this is a test|
DEBUG- 2018-06-04 15:27:04.056764 >> KeyboardInterrupt
DEBUG- 2018-06-04 15:27:06.773536 >> System Shutdown
DEBUG- 2018-06-04 15:27:08.696345 >> System Started
INFO- 2018-06-04 15:27:14.716666 >> Zachary Andrews: @mybot get events
INFO- 2018-06-04 15:27:14.872508 >> MyBot: Events: 6/8/18, test, this is a test| 6/8/18, test, this is a test|
INFO- 2018-06-04 15:28:13.478675 >> Zachary Andrews: @mybot create event: 6/9/18, test2, this is another test
INFO- 2018-06-04 15:28:13.661543 >> MyBot: Okay, I made an event: 9/6/18, test2, this is another test
INFO- 2018-06-04 15:28:20.481159 >> Zachary Andrews: @mybot get events
INFO- 2018-06-04 15:28:20.778076 >> MyBot: Events: 6/8/18, test, this is a test| 6/8/18, test, this is a test| 9/6/18, test2, this is another test|
DEBUG- 2018-06-04 15:28:44.790337 >> KeyboardInterrupt
DEBUG- 2018-06-04 15:28:46.959353 >> System Shutdown
DEBUG- 2018-06-04 15:33:02.582935 >> System Started
INFO- 2018-06-04 15:33:13.954832 >> Zachary Andrews: @mybot get events
INFO- 2018-06-04 15:33:14.148147 >> MyBot: Events: 6/8/18, test, this is a test9/6/18| 6/8/18, test, this is a test9/6/18|
DEBUG- 2018-06-04 15:55:50.166628 >> KeyboardInterrupt
DEBUG- 2018-06-04 15:55:51.944194 >> System Shutdown
DEBUG- 2018-06-04 19:18:18.703033 >> System Started
INFO- 2018-06-04 19:18:29.878624 >> Zachary Andrews: @mybot get events
INFO- 2018-06-04 19:18:30.078838 >> MyBot: Events: 6/8/18, test, this is a test9/6/18| 6/8/18, test, this is a test9/6/18| 
INFO- 2018-06-04 19:18:52.707919 >> Zachary Andrews: @mybot create event: 6/9/18, test2, this is a test2
INFO- 2018-06-04 19:18:52.909987 >> MyBot: Okay, I made an event: 9/6/18, test2, this is a test2
INFO- 2018-06-04 19:18:59.848802 >> Zachary Andrews: @mybot get events
INFO- 2018-06-04 19:19:00.048508 >> MyBot: Events: 6/8/18, test, this is a test9/6/18| 6/8/18, test, this is a test9/6/18| 9/6/18, test2, this is a test2| 
DEBUG- 2018-06-04 19:19:51.017629 >> KeyboardInterrupt
DEBUG- 2018-06-04 19:19:53.438504 >> System Shutdown
DEBUG- 2018-06-04 19:20:12.152325 >> System Started
INFO- 2018-06-04 19:20:19.414422 >> Zachary Andrews: @mybot get events
INFO- 2018-06-04 19:20:19.625451 >> MyBot: Events: 6/8/18, test, this is a test
| 6/9/18, test2, this is another test
| 6/9/18, test2, this is a test2
| 6/8/18, test, this is a test
| 6/9/18, test2, this is another test
| 6/9/18, test2, this is a test2
| 
DEBUG- 2018-06-04 19:24:22.721675 >> KeyboardInterrupt
DEBUG- 2018-06-04 19:24:24.869182 >> System Shutdown
DEBUG- 2018-06-04 19:24:26.210896 >> System Started
DEBUG- 2018-06-04 19:24:38.726174 >> System Started
DEBUG- 2018-06-04 19:25:43.649704 >> System Started
DEBUG- 2018-06-04 19:25:57.419060 >> KeyboardInterrupt
DEBUG- 2018-06-04 19:25:59.589307 >> System Shutdown
DEBUG- 2018-06-04 19:26:00.845221 >> System Started
DEBUG- 2018-06-04 19:26:02.607040 >> KeyboardInterrupt
DEBUG- 2018-06-04 19:26:04.812178 >> System Shutdown
DEBUG- 2018-06-04 19:26:42.411142 >> System Started
DEBUG- 2018-06-04 19:26:48.106840 >> KeyboardInterrupt
DEBUG- 2018-06-04 19:26:50.960007 >> System Shutdown
DEBUG- 2018-06-04 19:27:52.115592 >> System Started
DEBUG- 2018-06-04 19:27:56.016043 >> KeyboardInterrupt
DEBUG- 2018-06-04 19:27:57.959644 >> System Shutdown
DEBUG- 2018-06-04 19:28:26.184322 >> System Started
INFO- 2018-06-04 19:28:41.521695 >> Zachary Andrews: @mybot get events
INFO- 2018-06-04 19:28:41.695304 >> MyBot: Events: 6/8/18, test, this is a test
| 6/9/18, test2, this is another test
| 6/9/18, test2, this is a test2
| 
INFO- 2018-06-04 19:29:33.184281 >> Zachary Andrews: @mybot create event: 6/8/18, another test, testing
INFO- 2018-06-04 19:29:33.387283 >> MyBot: Okay, I made an event: 8/6/18, another test, testing
INFO- 2018-06-04 19:29:44.070163 >> Zachary Andrews: @mybot get events
INFO- 2018-06-04 19:29:44.255955 >> MyBot: Events: 6/8/18, test, this is a test
| 6/9/18, test2, this is another test
| 6/9/18, test2, this is a test2
| 8/6/18, another test, testing| 
DEBUG- 2018-06-04 19:30:02.152860 >> KeyboardInterrupt
DEBUG- 2018-06-04 19:30:05.256793 >> System Shutdown
DEBUG- 2018-06-04 19:30:06.624570 >> System Started
INFO- 2018-06-04 19:30:23.266270 >> Zachary Andrews: @mybot create event: 6/8/18, test, test
INFO- 2018-06-04 19:30:23.471306 >> MyBot: Okay, I made an event: 8/6/18, test, test
INFO- 2018-06-04 19:30:33.925503 >> Zachary Andrews: @mybot get events
INFO- 2018-06-04 19:30:34.195178 >> MyBot: Events: 6/8/18, another test, testing
| 8/6/18, test, test| 
DEBUG- 2018-06-04 19:32:57.413341 >> KeyboardInterrupt
DEBUG- 2018-06-04 19:32:58.825772 >> System Shutdown
DEBUG- 2018-06-04 19:33:00.148324 >> System Started
INFO- 2018-06-04 19:33:07.384606 >> Zachary Andrews: @mybot get events
INFO- 2018-06-04 19:33:07.612123 >> MyBot: Events: 
6/8/18, another test, testing
| 6/8/18, test, test
| 
DEBUG- 2018-06-04 19:33:47.802630 >> KeyboardInterrupt
DEBUG- 2018-06-04 19:33:49.339475 >> System Shutdown
DEBUG- 2018-06-04 19:33:52.214667 >> System Started
INFO- 2018-06-04 19:33:57.446998 >> Zachary Andrews: @mybot get events
INFO- 2018-06-04 19:33:57.644489 >> MyBot: Events: 
>> 6/8/18, another test, testing
>> 6/8/18, test, test

DEBUG- 2018-06-04 19:36:31.100844 >> KeyboardInterrupt
DEBUG- 2018-06-04 19:36:32.927506 >> System Shutdown
DEBUG- 2018-06-04 19:36:34.106392 >> System Started
INFO- 2018-06-04 19:36:39.292593 >> Zachary Andrews: @mybot help
INFO- 2018-06-04 19:36:39.528831 >> MyBot: Heres a list of my commands:
['help', 'time', 'weather', 'list events', 'create event', 'delete event']
DEBUG- 2018-06-04 19:55:39.901455 >> KeyboardInterrupt
DEBUG- 2018-06-04 19:55:41.842660 >> System Shutdown
DEBUG- 2018-06-04 19:55:43.777377 >> System Started
INFO- 2018-06-04 19:55:51.739515 >> Zachary Andrews: @mybot help
INFO- 2018-06-04 19:55:51.930485 >> MyBot: Heres a list of my commands:
['help', 'time', 'weather', 'list events', 'create event', 'delete event']
Use "Info" <command> for more info on the command
INFO- 2018-06-04 19:56:05.870419 >> Zachary Andrews: @mybot info time
INFO- 2018-06-04 19:56:06.057689 >> MyBot: The time is currently: 19:56:05.870569
DEBUG- 2018-06-04 19:56:35.978518 >> KeyboardInterrupt
DEBUG- 2018-06-04 19:56:37.421412 >> System Shutdown
DEBUG- 2018-06-04 19:56:39.046996 >> System Started
INFO- 2018-06-04 19:56:45.542828 >> Zachary Andrews: @mybot info help
INFO- 2018-06-04 19:56:45.770647 >> MyBot: Displays information on the included command
DEBUG- 2018-06-04 19:57:39.141997 >> KeyboardInterrupt
DEBUG- 2018-06-04 19:57:40.864543 >> System Shutdown
DEBUG- 2018-06-04 19:57:43.694949 >> System Started
INFO- 2018-06-04 19:57:50.263035 >> Zachary Andrews: @mybot info help
INFO- 2018-06-04 19:57:50.453777 >> MyBot: Info: Displays information on the included command
INFO- 2018-06-04 19:58:02.564459 >> Zachary Andrews: @mybot info info
INFO- 2018-06-04 19:58:02.751692 >> MyBot: Info: Displays information on the included command
DEBUG- 2018-06-04 19:59:36.518175 >> KeyboardInterrupt
DEBUG- 2018-06-04 19:59:38.586110 >> System Shutdown
DEBUG- 2018-06-04 19:59:39.904607 >> System Started
INFO- 2018-06-04 19:59:45.910324 >> Zachary Andrews: @mybot info help
INFO- 2018-06-04 19:59:46.157909 >> MyBot: Help: Displays possible commands
INFO- 2018-06-04 19:59:56.069784 >> Zachary Andrews: @mybot info create event
INFO- 2018-06-04 19:59:56.287072 >> MyBot: Create Event: Creates an event, should be formatted as such: <date>(m/d/y), <event name>, <event description>
INFO- 2018-06-04 20:01:42.480683 >> Zachary Andrews: @mybot info delete event
INFO- 2018-06-04 20:01:42.694777 >> MyBot: Delete Event: Delete an event, the name of the event should be right after the command
DEBUG- 2018-06-04 20:17:27.121890 >> KeyboardInterrupt
DEBUG- 2018-06-04 20:17:28.562238 >> System Shutdown
DEBUG- 2018-06-04 20:17:29.936082 >> System Started
DEBUG- 2018-06-04 20:17:34.276639 >> KeyboardInterrupt
DEBUG- 2018-06-04 20:17:36.281787 >> System Shutdown
DEBUG- 2018-06-04 20:17:57.364451 >> System Started
INFO- 2018-06-04 20:18:05.377022 >> Zachary Andrews: @mybot list events
INFO- 2018-06-04 20:18:05.748267 >> MyBot: Events: 
>> 6/8/18, another test, testing
>> 6/8/18, test, test

DEBUG- 2018-06-05 08:06:05.506217 >> KeyboardInterrupt
DEBUG- 2018-06-05 08:06:09.056047 >> System Shutdown
DEBUG- 2018-06-05 08:07:06.156585 >> System Started
INFO- 2018-06-05 08:07:21.178193 >> Zachary Andrews: @mybot get events
DEBUG- 2018-06-05 08:07:34.527901 >> System Started
INFO- 2018-06-05 08:07:34.616673 >> Zachary Andrews: @mybot get events
DEBUG- 2018-06-05 08:07:44.939148 >> System Started
INFO- 2018-06-05 08:08:35.953984 >> Zachary Andrews: @mybot list events
INFO- 2018-06-05 08:08:36.330294 >> MyBot: Events: 
>> 6/8/18, another test, testing
>> 6/8/18, test, test

DEBUG- 2018-06-05 08:09:25.321095 >> KeyboardInterrupt
DEBUG- 2018-06-05 08:09:29.153944 >> System Shutdown
DEBUG- 2018-06-05 08:09:32.034957 >> System Started
INFO- 2018-06-05 08:09:37.671776 >> Zachary Andrews: @mybot list events
INFO- 2018-06-05 08:09:38.041792 >> MyBot: Events: 
>> 6/8/18, another test, testing
>> 6/8/18, test, test

DEBUG- 2018-06-05 08:10:41.097899 >> KeyboardInterrupt
DEBUG- 2018-06-05 08:10:42.859212 >> System Shutdown
DEBUG- 2018-06-05 08:10:44.081352 >> System Started
INFO- 2018-06-05 08:10:50.489246 >> Zachary Andrews: @mybot list events
INFO- 2018-06-05 08:10:50.876004 >> MyBot: Events:  >> 6/8/18, another test, testing >> 6/8/18, test, test 
DEBUG- 2018-06-05 08:12:13.861750 >> KeyboardInterrupt
DEBUG- 2018-06-05 08:12:15.341418 >> System Shutdown
DEBUG- 2018-06-05 08:12:16.483626 >> System Started
DEBUG- 2018-06-05 08:12:34.767396 >> System Started
DEBUG- 2018-06-05 08:12:52.858207 >> System Started
DEBUG- 2018-06-05 08:13:03.413828 >> KeyboardInterrupt
DEBUG- 2018-06-05 08:13:05.624071 >> System Shutdown
DEBUG- 2018-06-05 08:14:22.554972 >> System Started
DEBUG- 2018-06-05 08:15:12.222880 >> KeyboardInterrupt
DEBUG- 2018-06-05 08:15:15.877828 >> System Shutdown
DEBUG- 2018-06-05 08:15:43.552484 >> System Started
DEBUG- 2018-06-05 08:16:08.764957 >> KeyboardInterrupt
DEBUG- 2018-06-05 08:16:11.274630 >> System Shutdown
DEBUG- 2018-06-05 08:18:37.084224 >> System Started
DEBUG- 2018-06-05 08:18:39.444352 >> KeyboardInterrupt
DEBUG- 2018-06-05 08:18:42.202625 >> System Shutdown
DEBUG- 2018-06-05 08:19:14.445755 >> System Started
DEBUG- 2018-06-05 08:20:03.910528 >> KeyboardInterrupt
DEBUG- 2018-06-05 08:20:05.665647 >> System Shutdown
DEBUG- 2018-06-05 08:20:47.642740 >> System Started
DEBUG- 2018-06-05 08:22:29.795340 >> System Started
DEBUG- 2018-06-05 08:23:15.127106 >> System Started
DEBUG- 2018-06-05 08:24:10.822793 >> KeyboardInterrupt
DEBUG- 2018-06-05 08:24:13.290089 >> Help
DEBUG- 2018-06-05 08:24:13.290411 >> Continuing operation
DEBUG- 2018-06-05 08:24:19.583093 >> KeyboardInterrupt
DEBUG- 2018-06-05 08:24:20.897057 >> System Shutdown
DEBUG- 2018-06-05 08:28:59.119813 >> System Started
DEBUG- 2018-06-05 08:41:55.829660 >> System Started
DEBUG- 2018-06-05 08:48:48.879528 >> KeyboardInterrupt
DEBUG- 2018-06-05 08:48:52.106466 >> System Shutdown
DEBUG- 2018-06-05 11:18:47.370729 >> System Started
DEBUG- 2018-06-05 11:19:07.789069 >> KeyboardInterrupt
DEBUG- 2018-06-05 11:19:09.408231 >> System Shutdown
DEBUG- 2018-06-05 11:19:10.505240 >> System Started
 INFO- 2018-06-05 11:19:49.256597 >> Zachary Andrews: @mybot weather
 INFO- 2018-06-05 11:19:50.004457 >> MyBot: The weather is currently: Clouds Temperature: 63° Humidity: 77%
 INFO- 2018-06-05 11:20:08.808956 >> Zachary Andrews: @mybot list events
 INFO- 2018-06-05 11:20:09.229273 >> MyBot: Events:  >> 6/8/18, another test, testing >> 6/8/18, test, test 
DEBUG- 2018-06-05 11:23:11.731496 >> KeyboardInterrupt
DEBUG- 2018-06-05 11:23:20.941984 >> System Shutdown
DEBUG- 2018-06-05 11:24:38.126871 >> System Started
DEBUG- 2018-06-05 11:24:51.030471 >> KeyboardInterrupt
DEBUG- 2018-06-05 11:24:52.508852 >> System Shutdown
DEBUG- 2018-06-05 11:28:38.040084 >> System Started
 INFO- 2018-06-05 11:28:52.008686 >> Zachary Andrews: @mybot list events
 INFO- 2018-06-05 11:28:52.414286 >> MyBot: Events:  >> 6/8/18, another test, testing >> 6/8/18, test, test 
 INFO- 2018-06-05 11:29:04.324052 >> Zachary Andrews: @mybot delete event: test
 INFO- 2018-06-05 11:29:04.526222 >> MyBot: Okay I have removed the event
 INFO- 2018-06-05 11:31:17.493991 >> Zachary Andrews: @mybot list events
 INFO- 2018-06-05 11:31:17.879452 >> MyBot: Events:  >> 6/8/18, another test, testing 
DEBUG- 2018-06-05 11:32:11.604352 >> KeyboardInterrupt
DEBUG- 2018-06-05 11:32:13.094283 >> System Shutdown
DEBUG- 2018-06-05 11:32:14.386858 >> System Started
 INFO- 2018-06-05 11:32:52.260036 >> Zachary Andrews: @mybot create event: 6/6/18, Pizza, lets get pizza
 INFO- 2018-06-05 11:32:52.442913 >> MyBot: Okay, I made an event: 6/6/18, pizza, lets get pizza
 INFO- 2018-06-05 11:33:01.614506 >> Zachary Andrews: @mybot list events
 INFO- 2018-06-05 11:33:02.002803 >> MyBot: Events:  >> 8/6/18, another test, testing >> 6/6/18, pizza, lets get pizza
 INFO- 2018-06-05 11:33:23.984691 >> Zachary Andrews: @mybot delete event: another test
 INFO- 2018-06-05 11:33:24.182454 >> MyBot: Okay I have removed the event
 INFO- 2018-06-05 11:33:52.588367 >> Zachary Andrews: @mybot create event: 6/7/18, test, test
 INFO- 2018-06-05 11:33:52.837090 >> MyBot: Okay, I made an event: 7/6/18, test, test
 INFO- 2018-06-05 11:34:05.687029 >> Zachary Andrews: @mybot create event: 6/8/18, test2, test2
 INFO- 2018-06-05 11:34:05.885388 >> MyBot: Okay, I made an event: 8/6/18, test2, test2
 INFO- 2018-06-05 11:34:10.427053 >> Zachary Andrews: @mybot list events
 INFO- 2018-06-05 11:34:10.854592 >> MyBot: Events:  >> 6/6/18, pizza, lets get pizza>> 7/6/18, test, test>> 8/6/18, test2, test2
 INFO- 2018-06-05 11:34:36.880728 >> Zachary Andrews: @mybot delete event: test
 INFO- 2018-06-05 11:34:37.077987 >> MyBot: Okay I have removed the event
 INFO- 2018-06-05 11:35:24.454661 >> Zachary Andrews: @mybot list events
 INFO- 2018-06-05 11:35:24.814238 >> MyBot: Events:  >> 6/6/18, pizza, lets get pizza>> 8/6/18, test2, test2
DEBUG- 2018-06-05 11:37:24.753083 >> KeyboardInterrupt
DEBUG- 2018-06-05 11:37:26.676150 >> System Shutdown
DEBUG- 2018-06-05 11:37:27.898992 >> System Started
 INFO- 2018-06-05 11:37:34.433777 >> Zachary Andrews: @mybot list events
 INFO- 2018-06-05 11:37:34.831112 >> MyBot: Events:  >> 6/6/18, pizza, lets get pizza  >> 6/8/18, test2, test2  
DEBUG- 2018-06-05 11:38:07.387452 >> KeyboardInterrupt
DEBUG- 2018-06-05 11:38:09.356073 >> System Shutdown
DEBUG- 2018-06-05 11:38:11.760954 >> System Started
 INFO- 2018-06-05 11:38:16.398090 >> Zachary Andrews: @mybot list events
 INFO- 2018-06-05 11:38:16.788667 >> MyBot: Events:  >> 6/6/18, pizza, lets get pizza >> 6/8/18, test2, test2 
 INFO- 2018-06-05 11:38:33.202068 >> Zachary Andrews: @mybot create event: 6/6/6, test, test
 INFO- 2018-06-05 11:38:33.396138 >> MyBot: Okay, I made an event: 6/6/6, test, test
 INFO- 2018-06-05 11:38:39.139650 >> Zachary Andrews: @mybot list events
 INFO- 2018-06-05 11:38:39.583269 >> MyBot: Events:  >> 6/6/18, pizza, lets get pizza >> 6/8/18, test2, test2 >> 6/6/6, test, test
 INFO- 2018-06-05 11:38:47.157322 >> Zachary Andrews: @mybot delete event: test
 INFO- 2018-06-05 11:38:47.374860 >> MyBot: Okay I have removed the event
 INFO- 2018-06-05 11:38:51.845008 >> Zachary Andrews: @mybot list events
 INFO- 2018-06-05 11:38:52.232479 >> MyBot: Events:  >> 6/6/18, pizza, lets get pizza >> 6/8/18, test2, test2 
DEBUG- 2018-06-05 11:40:38.330530 >> KeyboardInterrupt
DEBUG- 2018-06-05 11:40:39.749677 >> System Shutdown
DEBUG- 2018-06-05 11:40:40.891342 >> System Started
 INFO- 2018-06-05 11:40:44.927602 >> Zachary Andrews: @mybot list events
 INFO- 2018-06-05 11:40:45.305524 >> MyBot: Events:  None
 INFO- 2018-06-05 11:41:24.804621 >> Zachary Andrews: @mybot create event: 6/6/18, pizza, lets get pizza
 INFO- 2018-06-05 11:41:24.984268 >> MyBot: Okay, I made an event: 6/6/18, pizza, lets get pizza
 INFO- 2018-06-05 11:41:36.123055 >> Zachary Andrews: @mybot create event: 8/8/8, test, test
 INFO- 2018-06-05 11:41:36.300860 >> MyBot: Okay, I made an event: 8/8/8, test, test
 INFO- 2018-06-05 11:41:40.254175 >> Zachary Andrews: @mybot list events
 INFO- 2018-06-05 11:41:40.614782 >> MyBot: Events:  >> 6/6/18, pizza, lets get pizza>> 8/8/8, test, test
DEBUG- 2018-06-05 11:41:53.592154 >> KeyboardInterrupt
DEBUG- 2018-06-05 11:41:55.888909 >> System Shutdown
DEBUG- 2018-06-05 11:41:58.116022 >> System Started
 INFO- 2018-06-05 11:42:04.260076 >> Zachary Andrews: @mybot list events
 INFO- 2018-06-05 11:42:04.669475 >> MyBot: Events:  >> 6/6/18, pizza, lets get pizza >> 8/8/8, test, test 
DEBUG- 2018-06-05 11:42:36.009378 >> KeyboardInterrupt
DEBUG- 2018-06-05 11:42:37.856642 >> System Shutdown
DEBUG- 2018-06-05 11:42:55.288703 >> System Started
 INFO- 2018-06-05 11:43:01.720218 >> Zachary Andrews: @mybot list events
 INFO- 2018-06-05 11:43:02.112739 >> MyBot: Events:  -- 6/6/18, pizza, lets get pizza -- 8/8/8, test, test 
DEBUG- 2018-06-05 11:43:32.920846 >> KeyboardInterrupt
DEBUG- 2018-06-05 11:43:34.421693 >> System Shutdown
DEBUG- 2018-06-05 11:43:35.873088 >> System Started
 INFO- 2018-06-05 11:43:39.789620 >> Zachary Andrews: @mybot list events
 INFO- 2018-06-05 11:43:39.984921 >> MyBot: Events Today: NoneEvents:  -- 6/6/18, pizza, lets get pizza -- 8/8/8, test, test 
DEBUG- 2018-06-05 11:43:49.731124 >> KeyboardInterrupt
DEBUG- 2018-06-05 11:43:50.949048 >> System Shutdown
DEBUG- 2018-06-05 11:43:52.019968 >> System Started
 INFO- 2018-06-05 11:43:56.478224 >> Zachary Andrews: @mybot list events
 INFO- 2018-06-05 11:43:56.655195 >> MyBot: Events Today: None Events:  -- 6/6/18, pizza, lets get pizza -- 8/8/8, test, test 
DEBUG- 2018-06-05 11:48:16.876734 >> KeyboardInterrupt
DEBUG- 2018-06-05 11:48:19.184848 >> System Shutdown
DEBUG- 2018-06-05 11:48:20.847005 >> System Started
 INFO- 2018-06-05 11:48:33.289179 >> Zachary Andrews: @mybot get events
 INFO- 2018-06-05 11:48:33.467686 >> MyBot: I'm sorry, I don't believe that is one of the options
DEBUG- 2018-06-05 11:52:49.401592 >> KeyboardInterrupt
DEBUG- 2018-06-05 11:52:50.961559 >> System Shutdown
DEBUG- 2018-06-05 11:52:52.170483 >> System Started
 INFO- 2018-06-05 11:53:05.609883 >> Zachary Andrews: @mybot create event 6/6/6, test, test
 INFO- 2018-06-05 11:53:05.802203 >> MyBot: Make sure you include a ':' after the name of the command and try again
DEBUG- 2018-06-05 13:57:11.925170 >> KeyboardInterrupt
DEBUG- 2018-06-05 13:57:14.037707 >> System Shutdown
DEBUG- 2018-06-05 14:01:54.477271 >> System Started
 INFO- 2018-06-05 14:02:20.893744 >> Zachary Andrews: @mybot hello
 INFO- 2018-06-05 14:02:21.082095 >> MyBot: I'm sorry @Zachary Andrews, I don't understand
DEBUG- 2018-06-05 14:02:25.121412 >> KeyboardInterrupt
DEBUG- 2018-06-05 14:02:28.148521 >> System Shutdown
DEBUG- 2018-06-05 20:48:08.334002 >> System Started
DEBUG- 2018-06-06 08:21:03.793037 >> KeyboardInterrupt
DEBUG- 2018-06-06 08:21:05.871901 >> System Shutdown
DEBUG- 2018-06-06 08:21:07.276349 >> System Started
 INFO- 2018-06-06 08:21:07.361886 >> Zachary Andrews: @mybot list events
 INFO- 2018-06-06 08:21:07.548182 >> MyBot: Make sure you include a ':' after the name of the command and try again
DEBUG- 2018-06-06 08:22:17.230899 >> KeyboardInterrupt
DEBUG- 2018-06-06 08:22:18.868995 >> System Shutdown
DEBUG- 2018-06-06 08:22:19.881135 >> System Started
 INFO- 2018-06-06 08:22:25.682671 >> Zachary Andrews: @mybot list events
 INFO- 2018-06-06 08:22:25.905612 >> MyBot: Events Today: None Events:  -- 6/6/18, pizza, lets get pizza -- 8/8/8, test, test 
DEBUG- 2018-06-06 08:23:31.063572 >> KeyboardInterrupt
DEBUG- 2018-06-06 08:23:32.759967 >> System Shutdown
DEBUG- 2018-06-06 08:23:33.873165 >> System Started
DEBUG- 2018-06-06 08:26:46.830253 >> System Started
DEBUG- 2018-06-06 08:29:08.328620 >> System Started
DEBUG- 2018-06-06 08:29:20.153998 >> System Started
DEBUG- 2018-06-06 08:31:12.193786 >> System Started
DEBUG- 2018-06-06 08:34:13.255394 >> System Started
DEBUG- 2018-06-06 08:38:46.721207 >> System Started
DEBUG- 2018-06-06 08:38:48.487477 >> KeyboardInterrupt
DEBUG- 2018-06-06 08:38:51.276514 >> System Shutdown
DEBUG- 2018-06-06 08:39:11.970455 >> System Started
DEBUG- 2018-06-06 08:46:32.837104 >> System Started
DEBUG- 2018-06-06 08:46:34.513182 >> KeyboardInterrupt
DEBUG- 2018-06-06 08:46:37.591289 >> System Shutdown
DEBUG- 2018-06-06 08:46:50.687235 >> System Started
DEBUG- 2018-06-06 08:48:05.496314 >> System Started
DEBUG- 2018-06-06 08:48:06.838527 >> KeyboardInterrupt
DEBUG- 2018-06-06 08:48:10.172687 >> System Shutdown
DEBUG- 2018-06-06 08:48:22.888164 >> System Started
 INFO- 2018-06-06 08:48:46.017697 >> Zachary Andrews: @mybot list events
 INFO- 2018-06-06 08:48:46.230264 >> MyBot: Events Today: None Events:  None
DEBUG- 2018-06-06 08:49:13.699236 >> KeyboardInterrupt
DEBUG- 2018-06-06 08:49:16.491308 >> System Shutdown
DEBUG- 2018-06-06 08:49:58.112762 >> System Started
DEBUG- 2018-06-06 08:50:17.229115 >> KeyboardInterrupt
DEBUG- 2018-06-06 08:50:18.913147 >> System Shutdown
DEBUG- 2018-06-06 08:50:36.031391 >> System Started
DEBUG- 2018-06-06 08:51:59.138131 >> KeyboardInterrupt
DEBUG- 2018-06-06 08:52:00.446866 >> System Shutdown
DEBUG- 2018-06-06 08:52:22.085878 >> System Started
DEBUG- 2018-06-06 08:53:09.878158 >> KeyboardInterrupt
DEBUG- 2018-06-06 08:53:15.435322 >> Continuing operation
 INFO- 2018-06-06 08:53:33.307920 >> Zachary Andrews: @mybot create event: 6/6/18, pizza, pizza pizza
 INFO- 2018-06-06 08:53:33.512473 >> MyBot: Okay, I made an event: 6/6/18, pizza, pizza pizza
DEBUG- 2018-06-06 08:53:43.989590 >> KeyboardInterrupt
DEBUG- 2018-06-06 08:53:45.810877 >> System Shutdown
DEBUG- 2018-06-06 08:53:59.112676 >> System Started
 INFO- 2018-06-06 08:54:36.192441 >> Zachary Andrews: @mybot create event: 6/6/18, pizza, pizza pizza
 INFO- 2018-06-06 08:54:36.384263 >> MyBot: Okay, I made an event: 6/6/18, pizza, pizza pizza
 INFO- 2018-06-06 08:54:41.143549 >> Zachary Andrews: @mybot list events
 INFO- 2018-06-06 08:54:41.326575 >> MyBot: Events Today: None Events:  -- 6/6/18, pizza, pizza pizza
DEBUG- 2018-06-06 08:55:15.064280 >> KeyboardInterrupt
DEBUG- 2018-06-06 08:55:16.527105 >> System Shutdown
DEBUG- 2018-06-06 08:55:21.162173 >> System Started
DEBUG- 2018-06-06 08:56:48.146256 >> KeyboardInterrupt
DEBUG- 2018-06-06 08:56:49.769162 >> System Shutdown
DEBUG- 2018-06-06 08:57:14.732681 >> System Started
DEBUG- 2018-06-06 10:18:41.422196 >> System Started
DEBUG- 2018-06-06 10:19:00.053940 >> deleted: 6/6/18, pizza, pizza pizza 
DEBUG- 2018-06-06 10:19:20.219919 >> KeyboardInterrupt
DEBUG- 2018-06-06 10:19:23.587871 >> System Shutdown
DEBUG- 2018-06-06 10:20:24.981860 >> System Started
DEBUG- 2018-06-06 10:20:35.880002 >> KeyboardInterrupt
DEBUG- 2018-06-06 10:20:39.046348 >> System Shutdown
DEBUG- 2018-06-06 10:20:51.483523 >> System Started
DEBUG- 2018-06-06 10:21:15.752368 >> KeyboardInterrupt
DEBUG- 2018-06-06 10:21:19.544930 >> Continuing operation
 INFO- 2018-06-06 10:21:31.243029 >> Zachary Andrews: @mybot create event: 6/6/18, test, test
 INFO- 2018-06-06 10:21:31.435013 >> MyBot: Okay, I made an event: 6/6/18, test, test
DEBUG- 2018-06-06 10:21:38.133472 >> KeyboardInterrupt
DEBUG- 2018-06-06 10:21:40.011593 >> System Shutdown
DEBUG- 2018-06-06 10:22:58.551293 >> System Started
DEBUG- 2018-06-06 10:23:29.886143 >> System Started
DEBUG- 2018-06-06 10:24:00.078104 >> deleted: 6/6/18, test, test 
DEBUG- 2018-06-06 10:24:27.669401 >> KeyboardInterrupt
DEBUG- 2018-06-06 10:24:30.814378 >> System Shutdown
DEBUG- 2018-06-06 10:26:25.178137 >> System Started
 INFO- 2018-06-06 10:26:40.647424 >> Zachary Andrews: @mybot create event: 6/6/18, test, test
 INFO- 2018-06-06 10:26:40.824550 >> MyBot: Okay, I made an event: 6/6/2018, test, test
DEBUG- 2018-06-06 10:27:25.111329 >> KeyboardInterrupt
DEBUG- 2018-06-06 10:27:28.633042 >> System Shutdown
DEBUG- 2018-06-06 10:28:28.552020 >> System Started
 INFO- 2018-06-06 10:28:41.741765 >> Zachary Andrews: @mybot list events
 INFO- 2018-06-06 10:28:41.926661 >> MyBot: Events Today: None Events:  -- 6/6/2018, test, test 
DEBUG- 2018-06-06 10:29:05.354702 >> KeyboardInterrupt
DEBUG- 2018-06-06 10:29:06.630389 >> System Shutdown
DEBUG- 2018-06-06 10:29:34.692863 >> System Started
 INFO- 2018-06-06 10:29:41.673289 >> Zachary Andrews: @mybot list events
 INFO- 2018-06-06 10:29:41.864452 >> MyBot: Events Today: -- 6/6/2018, test, test  Events:  -- 6/6/2018, test, test 
DEBUG- 2018-06-06 10:43:50.311179 >> KeyboardInterrupt
DEBUG- 2018-06-06 10:43:52.069433 >> System Shutdown
DEBUG- 2018-06-06 10:59:08.874619 >> System Started
DEBUG- 2018-06-06 10:59:10.279120 >> KeyboardInterrupt
DEBUG- 2018-06-06 10:59:12.425849 >> System Shutdown
DEBUG- 2018-06-06 10:59:37.675355 >> System Started
 INFO- 2018-06-06 10:59:52.607180 >> Zachary Andrews: @mybot list reminders
DEBUG- 2018-06-06 11:03:16.899444 >> System Started
 INFO- 2018-06-06 11:03:16.982574 >> Zachary Andrews: @mybot list reminders
 INFO- 2018-06-06 11:03:17.164040 >> MyBot:  Reminders:  None
 INFO- 2018-06-06 11:03:27.806184 >> Zachary Andrews: @mybot list reminders
 INFO- 2018-06-06 11:03:27.988967 >> MyBot:  Reminders:  None
 INFO- 2018-06-06 11:03:35.613673 >> Zachary Andrews: @mybot create reminder
DEBUG- 2018-06-06 11:04:38.006932 >> System Started
 INFO- 2018-06-06 11:04:38.135028 >> Zachary Andrews: @mybot create reminder
 INFO- 2018-06-06 11:04:38.309601 >> MyBot: Make sure you include a ':' after the name of the command and try again
 INFO- 2018-06-06 11:05:16.368409 >> Zachary Andrews: @mybot create reminder: Wednesday, Wear it Wednesday, Make sure to wear your letters to show unity
DEBUG- 2018-06-06 11:06:27.133948 >> System Started
 INFO- 2018-06-06 11:06:27.223243 >> Zachary Andrews: @mybot create reminder: Wednesday, Wear it Wednesday, Make sure to wear your letters to show unity
DEBUG- 2018-06-06 11:08:03.353699 >> System Started
 INFO- 2018-06-06 11:08:03.439029 >> Zachary Andrews: @mybot create reminder: Wednesday, Wear it Wednesday, Make sure to wear your letters to show unity
DEBUG- 2018-06-06 11:08:33.664330 >> System Started
 INFO- 2018-06-06 11:08:33.753072 >> Zachary Andrews: @mybot create reminder: Wednesday, Wear it Wednesday, Make sure to wear your letters to show unity
 INFO- 2018-06-06 11:08:33.943389 >> MyBot: Okay I have created a reminder: wednesday: wear it wednesday- make sure to wear your letters to show unity
 INFO- 2018-06-06 11:08:44.039577 >> Zachary Andrews: @mybot reminder list
 INFO- 2018-06-06 11:08:44.233236 >> MyBot:  Reminders:  -- wednesday: wear it wednesday- make sure to wear your letters to show unity
 INFO- 2018-06-06 11:09:29.197907 >> Zachary Andrews: @mybot create event: sunday, Chapter, Chapter is at 12 in Carr 120
DEBUG- 2018-06-06 11:10:36.353937 >> System Started
 INFO- 2018-06-06 11:10:36.505605 >> Zachary Andrews: @mybot create event: sunday, Chapter, Chapter is at 12 in Carr 120
DEBUG- 2018-06-06 11:11:07.522480 >> System Started
 INFO- 2018-06-06 11:11:07.621882 >> Zachary Andrews: @mybot create reminder: sunday, Chapter, Chapter is at 12 in carr 120
 INFO- 2018-06-06 11:11:07.795211 >> MyBot: Okay I have created a reminder: sunday: chapter- chapter is at 12 in carr 120
 INFO- 2018-06-06 11:11:17.675155 >> Zachary Andrews: @mybot list reminders
 INFO- 2018-06-06 11:11:17.873520 >> MyBot:  Reminders:  -- sunday: chapter- chapter is at 12 in carr 120
 INFO- 2018-06-06 11:12:03.274522 >> Zachary Andrews: @mybot create reminder: wednesday, wear it wednesday, wear your letters
 INFO- 2018-06-06 11:12:03.468667 >> MyBot: Okay I have created a reminder: wednesday: wear it wednesday- wear your letters
 INFO- 2018-06-06 11:12:10.448504 >> Zachary Andrews: @mybot list reminders
 INFO- 2018-06-06 11:12:10.642916 >> MyBot:  Reminders:  -- sunday: chapter- chapter is at 12 in carr 120-- wednesday: wear it wednesday- wear your letters
 INFO- 2018-06-06 11:12:58.504542 >> Zachary Andrews: @mybot list events
 INFO- 2018-06-06 11:12:58.717607 >> MyBot: Events Today: -- 6/6/2018, test, test  Events:  -- 6/6/2018, test, test 
 INFO- 2018-06-06 11:13:15.731557 >> Zachary Andrews: @mybotr create event: 6/6/18, test2, test2
 INFO- 2018-06-06 11:13:15.914676 >> MyBot: Okay, I made an event: 6/6/2018, test2, test2
 INFO- 2018-06-06 11:13:23.738466 >> Zachary Andrews: @mybot list events
 INFO- 2018-06-06 11:13:23.918019 >> MyBot: Events Today: -- 6/6/2018, test, test -- 6/6/2018, test2, test2 Events:  -- 6/6/2018, test, test -- 6/6/2018, test2, test2
 INFO- 2018-06-06 11:13:32.425845 >> Zachary Andrews: @mybot list reminders
 INFO- 2018-06-06 11:13:32.637673 >> MyBot:  Reminders:  -- sunday: chapter- chapter is at 12 in carr 120-- wednesday: wear it wednesday- wear your letters
DEBUG- 2018-06-06 11:15:28.712523 >> KeyboardInterrupt
DEBUG- 2018-06-06 11:15:30.017860 >> System Shutdown
DEBUG- 2018-06-06 11:15:32.772221 >> System Started
 INFO- 2018-06-06 11:15:39.783829 >> Zachary Andrews: @mybot list reminders
 INFO- 2018-06-06 11:15:40.222659 >> MyBot:  Reminders:  None
 INFO- 2018-06-06 11:17:07.623938 >> Zachary Andrews: @mybot create reminder: sunday, test, test
 INFO- 2018-06-06 11:17:07.841016 >> MyBot: Okay I have created a reminder: sunday: test- test
DEBUG- 2018-06-06 11:18:23.809450 >> KeyboardInterrupt
DEBUG- 2018-06-06 11:18:25.938712 >> System Shutdown
DEBUG- 2018-06-06 11:18:32.762666 >> System Started
 INFO- 2018-06-06 11:18:40.617504 >> Zachary Andrews: @mybot list reminders
 INFO- 2018-06-06 11:18:40.817149 >> MyBot:  Reminders:  -- sunday:  test- test 
 INFO- 2018-06-06 11:18:53.902966 >> Zachary Andrews: @mybot delete reminder: test
 INFO- 2018-06-06 11:18:54.086305 >> MyBot: Okay I have removed the reminder
 INFO- 2018-06-06 11:19:01.815727 >> Zachary Andrews: @mybot list reminders
 INFO- 2018-06-06 11:19:02.033333 >> MyBot:  Reminders:  -- sunday:  test- test 
DEBUG- 2018-06-06 11:20:50.062157 >> KeyboardInterrupt
DEBUG- 2018-06-06 11:20:51.987523 >> System Shutdown
DEBUG- 2018-06-06 11:20:53.333898 >> System Started
 INFO- 2018-06-06 11:21:00.912154 >> Zachary Andrews: @mybot reminder list
 INFO- 2018-06-06 11:21:01.103440 >> MyBot:  Reminders:  None
 INFO- 2018-06-06 11:21:22.316876 >> Zachary Andrews: @mybot create reminder: sunday, test, test
 INFO- 2018-06-06 11:21:22.499418 >> MyBot: Okay I have created a reminder: sunday: test- test
 INFO- 2018-06-06 11:21:31.142005 >> Zachary Andrews: @mybot list reminders
 INFO- 2018-06-06 11:21:31.319956 >> MyBot:  Reminders:  -- sunday: test- test
 INFO- 2018-06-06 11:21:46.456196 >> Zachary Andrews: @mybot delete reminder: test
 INFO- 2018-06-06 11:21:46.650237 >> MyBot: Okay I have removed the reminder
DEBUG- 2018-06-06 11:22:09.364303 >> KeyboardInterrupt
DEBUG- 2018-06-06 11:22:11.125469 >> System Shutdown
DEBUG- 2018-06-06 11:22:40.001389 >> System Started
 INFO- 2018-06-06 11:22:56.344881 >> Zachary Andrews: @mybot create reminder: sunday, test, test
 INFO- 2018-06-06 11:22:56.532211 >> MyBot: Okay I have created a reminder: sunday: test- test
 INFO- 2018-06-06 11:23:10.283196 >> Zachary Andrews: @mybot create reminder: monday, test2, test2
 INFO- 2018-06-06 11:23:10.539729 >> MyBot: Okay I have created a reminder: monday: test2- test2
 INFO- 2018-06-06 11:23:18.783082 >> Zachary Andrews: @mybot list reminders
 INFO- 2018-06-06 11:23:18.968225 >> MyBot:  Reminders:  -- sunday: test- test-- monday: test2- test2
 INFO- 2018-06-06 11:23:32.557284 >> Zachary Andrews: @mybot delete reminder: sunday
 INFO- 2018-06-06 11:23:32.898269 >> MyBot: Okay I have removed the reminder
 INFO- 2018-06-06 11:23:39.364676 >> Zachary Andrews: @mybot list reminders
 INFO- 2018-06-06 11:23:39.548057 >> MyBot:  Reminders:  -- sunday: test- test-- monday: test2- test2
DEBUG- 2018-06-06 11:25:30.763572 >> KeyboardInterrupt
DEBUG- 2018-06-06 11:25:33.218648 >> System Shutdown
DEBUG- 2018-06-06 11:25:35.548220 >> System Started
DEBUG- 2018-06-06 11:25:43.488245 >> KeyboardInterrupt
DEBUG- 2018-06-06 11:25:52.718020 >> Manual Posting: @mybot list reminders
DEBUG- 2018-06-06 11:25:52.975088 >> Continuing operation
 INFO- 2018-06-06 11:25:53.063990 >> MyBot: @mybot list reminders
 INFO- 2018-06-06 11:25:53.303457 >> MyBot:  Reminders:  -- sunday:  test- test -- monday:  test2- test2 
DEBUG- 2018-06-06 11:25:57.830721 >> KeyboardInterrupt
DEBUG- 2018-06-06 11:25:59.109893 >> Messages Read
DEBUG- 2018-06-06 11:25:59.312942 >> Continuing operation
 INFO- 2018-06-06 11:27:07.714803 >> Zachary Andrews: @mybot list reminders
 INFO- 2018-06-06 11:27:07.917235 >> MyBot:  Reminders:  -- sunday:  test- test -- monday:  test2- test2 
 INFO- 2018-06-06 11:28:53.017534 >> Zachary Andrews: @mybot delete reminder: test2
 INFO- 2018-06-06 11:28:53.229393 >> MyBot: Okay I have removed the reminder
 INFO- 2018-06-06 11:29:26.051941 >> Zachary Andrews: @mybot list reminders
 INFO- 2018-06-06 11:29:26.244855 >> MyBot:  Reminders:  -- sunday:  test- test -- monday:  test2- test2 
DEBUG- 2018-06-06 11:30:35.345166 >> KeyboardInterrupt
DEBUG- 2018-06-06 11:30:37.675415 >> System Shutdown
DEBUG- 2018-06-06 11:30:40.849337 >> System Started
DEBUG- 2018-06-06 11:33:30.356442 >> KeyboardInterrupt
DEBUG- 2018-06-06 11:33:32.428053 >> System Shutdown
DEBUG- 2018-06-06 11:33:33.537841 >> System Started
 INFO- 2018-06-06 11:33:47.866359 >> Zachary Andrews: @mybot create reminder: sunday, test, test
 INFO- 2018-06-06 11:33:48.087041 >> MyBot: Okay I have created a reminder: sunday: test- test
 INFO- 2018-06-06 11:34:01.083034 >> Zachary Andrews: @mybot create reminder: monday, test, test
 INFO- 2018-06-06 11:34:01.326557 >> MyBot: Okay I have created a reminder: sunday: test- test
 INFO- 2018-06-06 11:34:18.355935 >> Zachary Andrews: @mybot delete reminder: test
 INFO- 2018-06-06 11:34:18.533535 >> MyBot: Okay I have removed the reminder
 INFO- 2018-06-06 11:34:38.158499 >> Zachary Andrews: @mybot list reminders
 INFO- 2018-06-06 11:34:38.364188 >> MyBot: Reminders:  None
 INFO- 2018-06-06 11:35:00.714385 >> Zachary Andrews: @mybot create reminder: sunday, test1, test
 INFO- 2018-06-06 11:35:00.906953 >> MyBot: Okay I have created a reminder: sunday: test1- test
 INFO- 2018-06-06 11:35:13.862923 >> Zachary Andrews: @mybot create reminder: monday, test2, test
 INFO- 2018-06-06 11:35:14.075317 >> MyBot: Okay I have created a reminder: monday: test2- test
 INFO- 2018-06-06 11:35:21.865957 >> Zachary Andrews: @mybot list reminders
 INFO- 2018-06-06 11:35:22.052838 >> MyBot: Reminders:  -- sunday: test1- test-- monday: test2- test
 INFO- 2018-06-06 11:35:43.533351 >> Zachary Andrews: @mybot delete reminder: test
 INFO- 2018-06-06 11:35:43.721614 >> MyBot: Okay I have removed the reminder
 INFO- 2018-06-06 11:36:29.475141 >> Zachary Andrews: @mybot delete reminder:test2
 INFO- 2018-06-06 11:36:29.657574 >> MyBot: Okay I have removed the reminder
 INFO- 2018-06-06 11:36:56.452513 >> Zachary Andrews: @mybot create reminder: monday, test2, test
 INFO- 2018-06-06 11:36:56.662216 >> MyBot: Okay I have created a reminder: monday: test2- test
 INFO- 2018-06-06 11:37:23.981418 >> Zachary Andrews: @mybot delete reminder: test1
 INFO- 2018-06-06 11:37:24.180905 >> MyBot: Okay I have removed the reminder
 INFO- 2018-06-06 11:37:33.865397 >> Zachary Andrews: @mybot list reminders
 INFO- 2018-06-06 11:37:34.048704 >> MyBot: Reminders:  -- monday: test2- test
DEBUG- 2018-06-06 11:37:38.838049 >> KeyboardInterrupt
DEBUG- 2018-06-06 11:37:40.409924 >> System Shutdown
DEBUG- 2018-06-06 11:39:04.433654 >> System Started
 INFO- 2018-06-06 11:39:13.814297 >> Zachary Andrews: @mybot list reminders
 INFO- 2018-06-06 11:39:14.016809 >> MyBot: Reminders:  -- monday:  test2- test 
 INFO- 2018-06-06 11:39:24.405236 >> Zachary Andrews: @mybot delete reminder: test1
DEBUG- 2018-06-06 11:39:40.256561 >> System Started
 INFO- 2018-06-06 11:39:40.336506 >> Zachary Andrews: @mybot delete reminder: test1
DEBUG- 2018-06-06 11:40:10.764479 >> System Started
 INFO- 2018-06-06 11:40:10.851873 >> Zachary Andrews: @mybot delete reminder: test1
DEBUG- 2018-06-06 11:43:30.418756 >> System Started
 INFO- 2018-06-06 11:43:30.500526 >> Zachary Andrews: @mybot delete reminder: test1
 INFO- 2018-06-06 11:43:30.722479 >> MyBot: That reminder does not exist
 INFO- 2018-06-06 11:44:21.785598 >> Zachary Andrews: @mybot create reminder: sunday, test1, test
 INFO- 2018-06-06 11:44:21.986594 >> MyBot: Okay I have created a reminder: sunday: test1- test
 INFO- 2018-06-06 11:44:35.684455 >> Zachary Andrews: @mybot delete reminder: test1
 INFO- 2018-06-06 11:44:35.876371 >> MyBot: Okay I have removed the reminder
 INFO- 2018-06-06 11:44:57.488726 >> Zachary Andrews: @mybot create reminder: sunday, test1, test
 INFO- 2018-06-06 11:44:57.699093 >> MyBot: Okay I have created a reminder: sunday: test1- test
 INFO- 2018-06-06 11:45:16.870375 >> Zachary Andrews: @mybot delete event: test2
 INFO- 2018-06-06 11:45:17.058483 >> MyBot: Okay I have removed the event
 INFO- 2018-06-06 11:45:58.071060 >> Zachary Andrews: @mybot create event: 6/6/18, test2, test2
 INFO- 2018-06-06 11:45:58.255584 >> MyBot: Okay, I made an event: 6/6/2018, test2, test2
DEBUG- 2018-06-06 11:49:23.251821 >> KeyboardInterrupt
DEBUG- 2018-06-06 11:49:24.923264 >> System Shutdown
DEBUG- 2018-06-06 11:49:36.577606 >> System Started
 INFO- 2018-06-06 11:50:00.856811 >> Zachary Andrews: @mybot list events
 INFO- 2018-06-06 11:50:01.081225 >> MyBot: Events Today: -- 6/6/2018, test, test -- 6/6/2018, test2, test2  Events:  -- 6/6/2018, test, test -- 6/6/2018, test2, test2 
 INFO- 2018-06-06 11:50:10.779154 >> Zachary Andrews: @mybot list reminders
 INFO- 2018-06-06 11:50:10.974232 >> MyBot: Reminders:  -- monday:   test2- test -- sunday:  test1- test 
 INFO- 2018-06-06 11:50:24.044698 >> Zachary Andrews: @mybot delete reminder: test1
 INFO- 2018-06-06 11:50:24.241602 >> MyBot: That reminder does not exist
DEBUG- 2018-06-06 11:51:07.010892 >> KeyboardInterrupt
DEBUG- 2018-06-06 11:51:08.798230 >> System Shutdown
DEBUG- 2018-06-06 11:51:24.994882 >> System Started
 INFO- 2018-06-06 11:51:38.130080 >> Zachary Andrews: @mybot delete reminder: test1
 INFO- 2018-06-06 11:51:38.390760 >> MyBot: Okay I have removed the reminder
 INFO- 2018-06-06 11:52:06.394199 >> Zachary Andrews: @mybot create reminder: tuesday, test3, test
 INFO- 2018-06-06 11:52:06.593426 >> MyBot: Okay I have created a reminder: tuesday: test3- test
 INFO- 2018-06-06 11:52:32.049144 >> Zachary Andrews: @mybot delete reminder: test2
 INFO- 2018-06-06 11:52:32.232833 >> MyBot: Okay I have removed the reminder
 INFO- 2018-06-06 11:52:52.742535 >> Zachary Andrews: @mybot list reminders
 INFO- 2018-06-06 11:52:52.927844 >> MyBot: Reminders:  -- tuesday: test3- test
DEBUG- 2018-06-06 11:53:50.311161 >> KeyboardInterrupt
DEBUG- 2018-06-06 11:53:51.767475 >> System Shutdown
DEBUG- 2018-06-06 11:53:57.726935 >> System Started
 INFO- 2018-06-06 11:54:03.830357 >> Zachary Andrews: @mybot list reminders
 INFO- 2018-06-06 11:54:04.010167 >> MyBot: Reminders:  None
DEBUG- 2018-06-06 11:55:29.051314 >> KeyboardInterrupt
DEBUG- 2018-06-06 11:55:31.027901 >> System Shutdown
DEBUG- 2018-06-06 15:34:06.144859 >> System Started
 INFO- 2018-06-06 15:34:20.119532 >> Zachary Andrews: @mybot list reminders
 INFO- 2018-06-06 15:34:20.289498 >> MyBot: Reminders:  None
 INFO- 2018-06-06 15:34:39.787257 >> Zachary Andrews: @mybot list reminders
 INFO- 2018-06-06 15:34:39.980744 >> MyBot: Reminders:  None
 INFO- 2018-06-06 15:35:30.338663 >> Zachary Andrews: @mybot create reminder: wednesday, wear it wednesday, wear your letters
 INFO- 2018-06-06 15:35:30.515693 >> MyBot: Okay I have created a reminder: wednesday: wear it wednesday- wear your letters
 INFO- 2018-06-06 15:35:36.774149 >> Zachary Andrews: @mybot list reminders
 INFO- 2018-06-06 15:35:36.962246 >> MyBot: Reminders:  -- wednesday: wear it wednesday- wear your letters
DEBUG- 2018-06-06 15:35:53.236536 >> KeyboardInterrupt
DEBUG- 2018-06-06 15:35:54.701090 >> System Shutdown
DEBUG- 2018-06-06 15:35:57.310213 >> System Started
 INFO- 2018-06-06 15:40:35.906460 >> Zachary Andrews: @mybot list reminders
 INFO- 2018-06-06 15:40:36.095096 >> MyBot: Reminders:  -- wednesday: wear it wednesday- wear your letters
DEBUG- 2018-06-06 15:40:54.711747 >> KeyboardInterrupt
DEBUG- 2018-06-06 15:40:56.199088 >> System Shutdown
DEBUG- 2018-06-06 15:40:58.055386 >> System Started
 INFO- 2018-06-06 15:41:03.689242 >> Zachary Andrews: @mybot list events
 INFO- 2018-06-06 15:41:03.881870 >> MyBot: Events Today: -- 6/6/2018, test, test -- 6/6/2018, test2, test2  Events:  -- 6/6/2018, test, test -- 6/6/2018, test2, test2 
 INFO- 2018-06-06 15:41:19.087974 >> Zachary Andrews: @mybot list reminders
 INFO- 2018-06-06 15:41:19.266130 >> MyBot: Reminders:  -- wednesday: wear it wednesday- wear your letters
 INFO- 2018-06-06 15:41:44.502782 >> Zachary Andrews: @mybot create reminder: sunday, chapter, chapter is at 12 in carr 120
 INFO- 2018-06-06 15:41:44.701513 >> MyBot: Okay I have created a reminder: sunday: chapter- chapter is at 12 in carr 120
 INFO- 2018-06-06 15:41:52.399399 >> Zachary Andrews: @mybot list reminders
 INFO- 2018-06-06 15:41:52.597205 >> MyBot: Reminders:  -- wednesday: wear it wednesday- wear your letters-- sunday: chapter- chapter is at 12 in carr 120
DEBUG- 2018-06-06 15:42:05.634278 >> KeyboardInterrupt
DEBUG- 2018-06-06 15:42:07.273855 >> System Shutdown
DEBUG- 2018-06-06 15:42:11.040818 >> System Started
 INFO- 2018-06-06 15:42:17.383757 >> Zachary Andrews: @mybot list reminders
 INFO- 2018-06-06 15:42:17.610219 >> MyBot: Reminders:  -- wednesday: wear it wednesday- wear your letters-- sunday: chapter- chapter is at 12 in carr 120
DEBUG- 2018-06-06 15:48:58.480717 >> KeyboardInterrupt
DEBUG- 2018-06-06 15:49:00.546428 >> System Shutdown
DEBUG- 2018-06-06 19:28:24.656612 >> System Started
DEBUG- 2018-06-06 19:28:26.170308 >> KeyboardInterrupt
DEBUG- 2018-06-06 19:28:36.633748 >> Manual Posting: hello Mr.Canali
DEBUG- 2018-06-06 19:28:36.933428 >> Continuing operation
DEBUG- 2018-06-06 19:29:14.377670 >> KeyboardInterrupt
DEBUG- 2018-06-06 19:29:15.330193 >> Messages Read
DEBUG- 2018-06-06 19:29:15.544265 >> Continuing operation
DEBUG- 2018-06-06 19:29:24.173468 >> KeyboardInterrupt
DEBUG- 2018-06-06 19:29:34.791870 >> Manual Posting: if you would like to talk @ me
DEBUG- 2018-06-06 19:29:35.071539 >> Continuing operation
DEBUG- 2018-06-06 19:29:38.222872 >> KeyboardInterrupt
DEBUG- 2018-06-06 19:29:48.509415 >> Manual Posting: also note, this is just andrews typing at his keyboard
DEBUG- 2018-06-06 19:29:48.814588 >> Continuing operation
DEBUG- 2018-06-06 19:29:57.306787 >> KeyboardInterrupt
DEBUG- 2018-06-06 19:30:13.237914 >> Manual Posting: use '@MyBot help' to see what i can do
DEBUG- 2018-06-06 19:30:13.535347 >> Continuing operation
 INFO- 2018-06-06 19:30:13.630352 >> MyBot: use '@MyBot help' to see what i can do
 INFO- 2018-06-06 19:30:13.825481 >> MyBot: Heres a list of my commands: ['help', 'time', 'weather', 'list events', 'create event', 'delete event'] Use "Info" <command> for more info on the command
DEBUG- 2018-06-06 19:30:28.647021 >> KeyboardInterrupt
DEBUG- 2018-06-06 19:30:49.195555 >> Manual Posting: note: there are some other features that aren't included in the help message
DEBUG- 2018-06-06 19:30:49.488299 >> Continuing operation
 INFO- 2018-06-06 19:31:56.707118 >> Zach Canali: @mybot time
 INFO- 2018-06-06 19:31:56.887133 >> MyBot: The time is currently: 19:31:56.707339
DEBUG- 2018-06-06 19:32:22.219868 >> KeyboardInterrupt
DEBUG- 2018-06-06 19:32:23.514911 >> Messages Read
DEBUG- 2018-06-06 19:32:23.743589 >> Continuing operation
 INFO- 2018-06-06 19:32:47.879401 >> Zach Canali: @mybot say ok
 INFO- 2018-06-06 19:32:48.088987 >> MyBot: I'm sorry @Zach Canali, I don't understand
 INFO- 2018-06-06 19:34:09.148878 >> Zach Canali: @mybot weather
 INFO- 2018-06-06 19:34:09.703406 >> MyBot: The weather is currently: Clouds Temperature: 58° Humidity: 67%
 INFO- 2018-06-06 19:36:12.829580 >> Zachary Andrews: @mybot list events
DEBUG- 2018-06-07 08:05:26.171251 >> System Started
 INFO- 2018-06-07 08:06:22.557056 >> Zachary Andrews: @mybot list events
DEBUG- 2018-06-07 08:07:25.474711 >> System Started
 INFO- 2018-06-07 08:07:25.561695 >> Zachary Andrews: @mybot list events
 INFO- 2018-06-07 08:07:25.759824 >> MyBot: Events Today: None Events:  -- 6/6/2018, test, test -- 6/6/2018, test2, test2 
 INFO- 2018-06-07 08:07:52.981853 >> Zachary Andrews: @mybot list reminders
 INFO- 2018-06-07 08:07:53.168689 >> MyBot: Reminders:  -- wednesday: wear it wednesday- wear your letters-- sunday: chapter- chapter is at 12 in carr 120
 INFO- 2018-06-07 08:11:14.229439 >> Zachary Andrews: @mybot create event: 6/6/18, test3, test3
DEBUG- 2018-06-07 08:11:23.651303 >> System Started
 INFO- 2018-06-07 08:11:23.739325 >> Zachary Andrews: @mybot create event: 6/6/18, test3, test3
DEBUG- 2018-06-07 08:11:30.108768 >> System Started
DEBUG- 2018-06-07 08:12:30.770185 >> KeyboardInterrupt
DEBUG- 2018-06-07 08:12:32.516682 >> System Shutdown
DEBUG- 2018-06-07 08:12:33.508203 >> System Started
 INFO- 2018-06-07 08:12:49.342358 >> Zachary Andrews: @mybot create event: 6/6/18, test3, test3
 INFO- 2018-06-07 08:12:49.542798 >> MyBot: Okay, I made an event: 6/6/2018, test3, test3
 INFO- 2018-06-07 08:13:06.799060 >> Zachary Andrews: @mybot create reminder: monday, test, test
DEBUG- 2018-06-07 08:13:21.662378 >> System Started
DEBUG- 2018-06-07 08:14:53.579482 >> KeyboardInterrupt
DEBUG- 2018-06-07 08:14:55.171611 >> System Shutdown
DEBUG- 2018-06-07 08:14:56.347843 >> System Started
DEBUG- 2018-06-07 08:14:57.886735 >> KeyboardInterrupt
DEBUG- 2018-06-07 08:15:01.402194 >> Continuing operation
DEBUG- 2018-06-07 08:15:39.482595 >> KeyboardInterrupt
DEBUG- 2018-06-07 08:15:40.913656 >> System Shutdown
DEBUG- 2018-06-07 08:15:44.159028 >> System Started
 INFO- 2018-06-07 08:15:52.864297 >> Zachary Andrews: @mybot create reminder: monday, test, test
DEBUG- 2018-06-07 08:16:06.109576 >> System Started
DEBUG- 2018-06-07 08:16:31.512147 >> KeyboardInterrupt
DEBUG- 2018-06-07 08:16:33.224943 >> System Shutdown
DEBUG- 2018-06-07 08:16:34.238413 >> System Started
 INFO- 2018-06-07 08:16:52.593490 >> Zachary Andrews: @mybot create reminder: monday, test, test
 INFO- 2018-06-07 08:16:52.778032 >> MyBot: Okay I have created a reminder: monday: test- test
 INFO- 2018-06-07 08:16:59.700779 >> Zachary Andrews: @mybot list reminders
 INFO- 2018-06-07 08:16:59.885766 >> MyBot: Reminders:  -- wednesday: wear it wednesday- wear your letters-- sunday: chapter- chapter is at 12 in carr 120-- monday: test- test
 INFO- 2018-06-07 08:17:09.805828 >> Zachary Andrews: @mybot delete reminder: test
 INFO- 2018-06-07 08:17:09.994023 >> MyBot: Okay I have removed the reminder
 INFO- 2018-06-07 08:17:17.510802 >> Zachary Andrews: @mybot list reminders
 INFO- 2018-06-07 08:17:17.686233 >> MyBot: Reminders:  -- wednesday: wear it wednesday- wear your letters-- sunday: chapter- chapter is at 12 in carr 120
 INFO- 2018-06-07 08:17:34.360280 >> Zachary Andrews: @mybot list events
 INFO- 2018-06-07 08:17:34.552471 >> MyBot: Events Today: None Events:  -- 6/6/2018, test, test -- 6/6/2018, test2, test2 -- 6/6/2018, test3, test3 
 INFO- 2018-06-07 08:17:44.294761 >> Zachary Andrews: @mybot delete event: test2
 INFO- 2018-06-07 08:17:44.519330 >> MyBot: Okay I have removed the event
 INFO- 2018-06-07 08:17:52.801404 >> Zachary Andrews: @mybot list events
 INFO- 2018-06-07 08:17:52.993869 >> MyBot: Events Today: None Events:  -- 6/6/2018, test, test -- 6/6/2018, test3, test3 
 INFO- 2018-06-07 08:18:59.265646 >> Zachary Andrews: @mybot create event: 6/6/18, test2, test2
 INFO- 2018-06-07 08:18:59.470179 >> MyBot: Okay, I made an event: 6/6/2018, test2, test2
 INFO- 2018-06-07 08:19:05.294014 >> Zachary Andrews: @mybot list events
 INFO- 2018-06-07 08:19:05.475874 >> MyBot: Events Today: None Events:  -- 6/6/2018, test, test -- 6/6/2018, test3, test3 -- 6/6/2018, test2, test2
DEBUG- 2018-06-07 08:20:52.401180 >> KeyboardInterrupt
DEBUG- 2018-06-07 08:20:54.367068 >> System Shutdown
DEBUG- 2018-06-07 08:20:55.611491 >> System Started
 INFO- 2018-06-07 08:21:03.959012 >> Zachary Andrews: @mybot list events
 INFO- 2018-06-07 08:21:04.150154 >> MyBot: Events Today: None Events:  -- 6/6/2018, test, test -- 6/6/2018, test2, test2 
 INFO- 2018-06-07 08:21:14.838409 >> Zachary Andrews: @mybot list reminders
 INFO- 2018-06-07 08:21:15.024589 >> MyBot: Reminders:  -- wednesday: wear it wednesday- wear your letters-- sunday: chapter- chapter is at 12 in carr 120
DEBUG- 2018-06-07 08:22:05.186343 >> KeyboardInterrupt
DEBUG- 2018-06-07 08:22:07.164509 >> System Shutdown
DEBUG- 2018-06-07 08:22:08.485246 >> System Started
 INFO- 2018-06-07 08:22:14.675813 >> Zachary Andrews: @mybot list reminders
 INFO- 2018-06-07 08:22:14.863691 >> MyBot: Reminders:  -- wednesday: wear it wednesday- wear your letters -- sunday: chapter- chapter is at 12 in carr 120 
DEBUG- 2018-06-07 08:28:17.928997 >> KeyboardInterrupt
DEBUG- 2018-06-07 08:28:19.591699 >> System Shutdown
DEBUG- 2018-06-07 08:28:20.525151 >> System Started
DEBUG- 2018-06-07 08:30:00.046342 >> deleted: 6/6/2018, test, test 
 INFO- 2018-06-07 08:30:22.377131 >> Zachary Andrews: @mybot list events
 INFO- 2018-06-07 08:30:22.574511 >> MyBot: Events Today: None Events:  -- 6/6/2018, test2, test2 
 INFO- 2018-06-07 08:31:16.717613 >> Zachary Andrews: @mybot list reminders
 INFO- 2018-06-07 08:31:16.896958 >> MyBot: Reminders:  -- wednesday: wear it wednesday- wear your letters -- sunday: chapter- chapter is at 12 in carr 120 
 INFO- 2018-06-07 08:31:39.526988 >> Zachary Andrews: @mybot create reminder: thursday, test, test
 INFO- 2018-06-07 08:31:39.699470 >> MyBot: Okay I have created a reminder: thursday: test- test
DEBUG- 2018-06-07 08:32:07.954910 >> KeyboardInterrupt
DEBUG- 2018-06-07 08:32:09.806667 >> System Shutdown
DEBUG- 2018-06-07 08:32:11.080394 >> System Started
DEBUG- 2018-06-07 08:42:09.428353 >> KeyboardInterrupt
DEBUG- 2018-06-07 08:42:11.043553 >> System Shutdown
DEBUG- 2018-06-07 08:42:12.096657 >> System Started
DEBUG- 2018-06-07 08:42:13.538596 >> KeyboardInterrupt
DEBUG- 2018-06-07 08:42:32.635979 >> Continuing operation
DEBUG- 2018-06-07 08:43:53.334788 >> KeyboardInterrupt
DEBUG- 2018-06-07 08:44:14.049188 >> Continuing operation
DEBUG- 2018-06-07 08:44:17.718354 >> KeyboardInterrupt
DEBUG- 2018-06-07 08:44:23.980619 >> Continuing operation
DEBUG- 2018-06-07 08:44:29.409972 >> KeyboardInterrupt
DEBUG- 2018-06-07 08:44:31.945088 >> Continuing operation
DEBUG- 2018-06-07 08:44:56.038044 >> KeyboardInterrupt
DEBUG- 2018-06-07 08:44:58.135999 >> System Shutdown
DEBUG- 2018-06-07 08:44:59.528031 >> System Started
DEBUG- 2018-06-07 08:45:00.202044 >> KeyboardInterrupt
DEBUG- 2018-06-07 08:45:02.242748 >> Continuing operation
DEBUG- 2018-06-07 08:45:16.732925 >> KeyboardInterrupt
DEBUG- 2018-06-07 08:45:28.434989 >> Continuing operation
DEBUG- 2018-06-07 08:45:52.784698 >> KeyboardInterrupt
DEBUG- 2018-06-07 08:45:56.233174 >> Continuing operation
 INFO- 2018-06-07 08:47:06.695794 >> Zachary Andrews: @mybot delete reminder: test
 INFO- 2018-06-07 08:47:06.892596 >> MyBot: Okay I have removed the reminder
 INFO- 2018-06-07 08:47:12.111321 >> Zachary Andrews: @mybot list reminders
 INFO- 2018-06-07 08:47:12.298717 >> MyBot: Reminders:  -- wednesday: wear it wednesday- wear your letters -- sunday: chapter- chapter is at 12 in carr 120 -- thursday: test- test 
 INFO- 2018-06-07 08:47:24.635326 >> Zachary Andrews: @mybot delete reminder: test
 INFO- 2018-06-07 08:47:24.822392 >> MyBot: Okay I have removed the reminder
 INFO- 2018-06-07 08:47:34.248609 >> Zachary Andrews: @mybot list reminders
 INFO- 2018-06-07 08:47:34.441125 >> MyBot: Reminders:  -- wednesday: wear it wednesday- wear your letters -- sunday: chapter- chapter is at 12 in carr 120 
 INFO- 2018-06-07 08:47:55.304062 >> Zachary Andrews: @mybot create reminder: thursday, do the things, do all the things
 INFO- 2018-06-07 08:47:55.480466 >> MyBot: Okay I have created a reminder: thursday: do the things- do all the things
 INFO- 2018-06-07 08:48:23.027234 >> Zachary Andrews: @mybot delete reminder: chapter
 INFO- 2018-06-07 08:48:23.217387 >> MyBot: Okay I have removed the reminder
 INFO- 2018-06-07 08:48:34.650414 >> Zachary Andrews: @mybot list reminders
 INFO- 2018-06-07 08:48:34.846358 >> MyBot: Reminders:  -- wednesday: wear it wednesday- wear your letters -- thursday: do the things- do all the things 
 INFO- 2018-06-07 08:55:08.814189 >> Zachary Andrews: @mybot create reminder: thursday, test, test
 INFO- 2018-06-07 08:55:08.998219 >> MyBot: Okay I have created a reminder: thursday: test- test
 INFO- 2018-06-07 08:55:38.440213 >> Zachary Andrews: @mybot create reminder: friday, test, test
 INFO- 2018-06-07 08:55:38.636509 >> MyBot: Okay I have created a reminder: thursday: test- test
 INFO- 2018-06-07 08:55:56.791114 >> Zachary Andrews: @mybot delete reminder: wear it wednesday
 INFO- 2018-06-07 08:55:56.981955 >> MyBot: Okay I have removed the reminder
 INFO- 2018-06-07 08:56:20.395551 >> Zachary Andrews: @mybot create reminder: wednesday, wear it wednesday, wear your letters
 INFO- 2018-06-07 08:56:20.580909 >> MyBot: Okay I have created a reminder: wednesday: wear it wednesday- wear your letters
 INFO- 2018-06-07 08:56:35.019290 >> Zachary Andrews: @mybot delete reminder: test
 INFO- 2018-06-07 08:56:35.202195 >> MyBot: Okay I have removed the reminder
 INFO- 2018-06-07 08:58:19.260324 >> Zachary Andrews: @mybot delete reminder: do the things
 INFO- 2018-06-07 08:58:19.510049 >> MyBot: Okay I have removed the reminder
 INFO- 2018-06-07 08:58:48.940708 >> Zachary Andrews: @mybot create event: 6/6/6, test5, test5
 INFO- 2018-06-07 08:58:49.128538 >> MyBot: Okay, I made an event: 6/6/206, test5, test5
 INFO- 2018-06-07 08:59:11.805370 >> Zachary Andrews: @mybot create event: 6/6/7, test6, test6
 INFO- 2018-06-07 08:59:11.989566 >> MyBot: Okay, I made an event: 6/6/207, test6, test6
 INFO- 2018-06-07 08:59:24.783938 >> Zachary Andrews: @mybot delete event: test5
 INFO- 2018-06-07 08:59:24.980366 >> MyBot: Okay I have removed the event
DEBUG- 2018-06-07 08:59:54.078126 >> KeyboardInterrupt
DEBUG- 2018-06-07 08:59:55.953508 >> System Shutdown
DEBUG- 2018-06-07 09:02:53.169598 >> System Started
 INFO- 2018-06-07 09:03:01.170703 >> Zachary Andrews: @mybot list events
 INFO- 2018-06-07 09:03:01.381776 >> MyBot: Events Today: None Events:  -- 6/8/18, test, test
 INFO- 2018-06-07 09:03:16.621912 >> Zachary Andrews: @mybot create event: 6/8/18, test2, test2
 INFO- 2018-06-07 09:03:16.799621 >> MyBot: Okay, I made an event: 8/6/2018, test2, test2
 INFO- 2018-06-07 09:03:25.996119 >> Zachary Andrews: @mybot create event: 6/8/18, test3, test3
 INFO- 2018-06-07 09:03:26.200842 >> MyBot: Okay, I made an event: 8/6/2018, test3, test3
 INFO- 2018-06-07 09:03:31.022476 >> Zachary Andrews: @mybot list events
 INFO- 2018-06-07 09:03:31.222427 >> MyBot: Events Today: None Events:  -- 6/8/18, test, test-- 8/6/2018, test2, test2-- 8/6/2018, test3, test3
 INFO- 2018-06-07 09:03:52.114513 >> Zachary Andrews: @mybot delete event: test2
 INFO- 2018-06-07 09:03:52.311092 >> MyBot: Okay I have removed the event
 INFO- 2018-06-07 09:03:57.172903 >> Zachary Andrews: @mybot list events
 INFO- 2018-06-07 09:03:57.366898 >> MyBot: Events Today: None Events:  -- 6/8/18, test, test-- 8/6/2018, test3, test3
 INFO- 2018-06-07 09:04:56.381198 >> Zachary Andrews: @mybot create event: 6/8/18, test2, test2
 INFO- 2018-06-07 09:04:56.572808 >> MyBot: Okay, I made an event: 8/6/2018, test2, test2
DEBUG- 2018-06-07 09:05:17.100138 >> KeyboardInterrupt
DEBUG- 2018-06-07 09:05:18.807336 >> System Shutdown
DEBUG- 2018-06-07 09:05:31.361646 >> System Started
 INFO- 2018-06-07 09:05:36.580761 >> Zachary Andrews: @mybot list events
 INFO- 2018-06-07 09:05:36.791143 >> MyBot: Events Today: None Events:  -- 8/6/18, test, test -- 6/8/2018, test3, test3 -- 6/8/2018, test2, test2
 INFO- 2018-06-07 09:05:48.536431 >> Zachary Andrews: @mybot delete event: test3
 INFO- 2018-06-07 09:05:48.758864 >> MyBot: Okay I have removed the event
DEBUG- 2018-06-07 09:06:41.451593 >> KeyboardInterrupt
DEBUG- 2018-06-07 09:06:43.183522 >> System Shutdown
DEBUG- 2018-06-07 09:06:52.886284 >> System Started
 INFO- 2018-06-07 09:07:05.894755 >> Zachary Andrews: @mybot create event: 6/8/18, test3, test3
 INFO- 2018-06-07 09:07:06.087409 >> MyBot: Okay, I made an event: 8/6/2018, test3, test3
 INFO- 2018-06-07 09:07:10.522390 >> Zachary Andrews: @mybot list events
 INFO- 2018-06-07 09:07:10.721957 >> MyBot: Events Today: None Events:  -- 6/8/18, test, test -- 8/6/2018, test2, test2-- 8/6/2018, test3, test3
 INFO- 2018-06-07 09:07:33.501884 >> Zachary Andrews: @mybot delete event: test2
 INFO- 2018-06-07 09:07:33.723241 >> MyBot: Okay I have removed the event
DEBUG- 2018-06-07 09:12:03.049092 >> KeyboardInterrupt
DEBUG- 2018-06-07 09:12:05.038666 >> System Shutdown
DEBUG- 2018-06-07 09:12:06.460887 >> System Started
 INFO- 2018-06-07 09:12:19.684677 >> Zachary Andrews: @mybot list events
 INFO- 2018-06-07 09:12:19.873059 >> MyBot: Events Today: None Events:  -- 8/6/18, test, test -- 6/8/2018, test3, test3
 INFO- 2018-06-07 09:12:33.693306 >> Zachary Andrews: @mybot create event: 6/8/18, test2, test2
 INFO- 2018-06-07 09:12:33.869252 >> MyBot: Okay, I made an event: 8/6/2018, test2, test2
 INFO- 2018-06-07 09:12:47.391992 >> Zachary Andrews: @mybot list events
 INFO- 2018-06-07 09:12:47.593837 >> MyBot: Events Today: None Events:  -- 8/6/18, test, test -- 6/8/2018, test3, test3-- 8/6/2018, test2, test2
 INFO- 2018-06-07 09:13:00.267184 >> Zachary Andrews: @mybot delete event: test3
 INFO- 2018-06-07 09:13:00.451653 >> MyBot: Okay I have removed the event
DEBUG- 2018-06-07 09:13:57.291923 >> KeyboardInterrupt
DEBUG- 2018-06-07 09:13:58.591815 >> System Shutdown
DEBUG- 2018-06-07 09:14:01.199223 >> System Started
 INFO- 2018-06-07 09:14:25.727775 >> Zachary Andrews: @mybot create event: 6/8/18, test, test
 INFO- 2018-06-07 09:14:25.909996 >> MyBot: Okay, I made an event: 8/6/2018, test, test
 INFO- 2018-06-07 09:14:37.173135 >> Zachary Andrews: @mybot create event: 6/8/18, test2, test
 INFO- 2018-06-07 09:14:37.371552 >> MyBot: Okay, I made an event: 8/6/2018, test2, test
 INFO- 2018-06-07 09:16:21.948119 >> Zachary Andrews: @mybot create event: 6/8/18, test3, test
 INFO- 2018-06-07 09:16:22.136185 >> MyBot: Okay, I made an event: 8/6/2018, test3, test
 INFO- 2018-06-07 09:16:44.961780 >> Zachary Andrews: @mybot delete event: test2
 INFO- 2018-06-07 09:16:45.156314 >> MyBot: Okay I have removed the event
DEBUG- 2018-06-07 09:17:00.135158 >> KeyboardInterrupt
DEBUG- 2018-06-07 09:17:01.626262 >> System Shutdown
DEBUG- 2018-06-14 11:16:34.966291 >> System Started
DEBUG- 2018-06-14 11:16:44.116984 >> System Started
DEBUG- 2018-06-14 11:17:01.670193 >> System Started
DEBUG- 2018-06-14 11:17:09.631502 >> System Started
DEBUG- 2018-06-14 11:17:18.656948 >> System Started
DEBUG- 2018-06-14 11:17:31.303775 >> System Started
DEBUG- 2018-06-14 11:17:49.202038 >> System Started
DEBUG- 2018-06-14 11:18:08.366663 >> System Started
DEBUG- 2018-06-14 11:26:47.530833 >> System Started
DEBUG- 2018-06-14 11:27:01.427047 >> System Started
